469 INFO: PyInstaller: 6.21.0, contrib hooks: 2026.6
470 INFO: Python: 3.14.3
555 INFO: Platform: Windows-11-10.0.26200-SP0
556 INFO: Python environment: C:\Users\mangu\AppData\Local\Programs\Python\Python314
561 INFO: Removing temporary files and cleaning cache in C:\Users\mangu\AppData\Local\pyinstaller
3801 INFO: Module search paths (PYTHONPATH):
['C:\\Users\\mangu\\Projects\\RokasResonance\\installer',
 'C:\\Users\\mangu\\AppData\\Local\\Programs\\Python\\Python314\\python314.zip',
 'C:\\Users\\mangu\\AppData\\Local\\Programs\\Python\\Python314\\DLLs',
 'C:\\Users\\mangu\\AppData\\Local\\Programs\\Python\\Python314\\Lib',
 'C:\\Users\\mangu\\AppData\\Local\\Programs\\Python\\Python314',
 'C:\\Users\\mangu\\AppData\\Local\\Programs\\Python\\Python314\\Lib\\site-packages',
 'C:\\Users\\mangu\\AppData\\Local\\Programs\\Python\\Python314\\Lib\\site-packages\\win32',
 'C:\\Users\\mangu\\AppData\\Local\\Programs\\Python\\Python314\\Lib\\site-packages\\win32\\lib',
 'C:\\Users\\mangu\\AppData\\Local\\Programs\\Python\\Python314\\Lib\\site-packages\\pythonwin',
 'C:\\Users\\mangu\\Projects\\RokasResonance']
5086 INFO: Appending 'datas' from .spec
5090 INFO: checking Analysis
5090 INFO: Building Analysis because Analysis-00.toc is non existent
5090 INFO: Looking for Python shared library...
5090 INFO: Using Python shared library: C:\Users\mangu\AppData\Local\Programs\Python\Python314\python314.dll
5090 INFO: Running Analysis Analysis-00.toc
5090 INFO: Target bytecode optimization level: 0
5090 INFO: Initializing module dependency graph...
5093 INFO: Initializing module graph hook caches...
5138 INFO: Analyzing modules for base_library.zip ...
8547 INFO: Processing standard module hook 'hook-math.py' from 'C:\\Users\\mangu\\AppData\\Local\\Programs\\Python\\Python314\\Lib\\site-packages\\PyInstaller\\hooks'
11420 INFO: Processing standard module hook 'hook-encodings.py' from 'C:\\Users\\mangu\\AppData\\Local\\Programs\\Python\\Python314\\Lib\\site-packages\\PyInstaller\\hooks'
13090 INFO: Processing standard module hook 'hook-pickle.py' from 'C:\\Users\\mangu\\AppData\\Local\\Programs\\Python\\Python314\\Lib\\site-packages\\PyInstaller\\hooks'
14599 INFO: Processing standard module hook 'hook-difflib.py' from 'C:\\Users\\mangu\\AppData\\Local\\Programs\\Python\\Python314\\Lib\\site-packages\\PyInstaller\\hooks'
14849 INFO: Processing standard module hook 'hook-heapq.py' from 'C:\\Users\\mangu\\AppData\\Local\\Programs\\Python\\Python314\\Lib\\site-packages\\PyInstaller\\hooks'
25958 INFO: Caching module dependency graph...
26060 INFO: Analyzing C:\Users\mangu\Projects\RokasResonance\main.py
26162 INFO: Processing pre-find-module-path hook 'hook-tkinter.py' from 'C:\\Users\\mangu\\AppData\\Local\\Programs\\Python\\Python314\\Lib\\site-packages\\PyInstaller\\hooks\\pre_find_module_path'
26165 INFO: TclTkInfo: initializing cached Tcl/Tk info...
27232 INFO: Processing standard module hook 'hook-_tkinter.py' from 'C:\\Users\\mangu\\AppData\\Local\\Programs\\Python\\Python314\\Lib\\site-packages\\PyInstaller\\hooks'
27697 INFO: Processing standard module hook 'hook-PIL.py' from 'C:\\Users\\mangu\\AppData\\Local\\Programs\\Python\\Python314\\Lib\\site-packages\\PyInstaller\\hooks'
28309 INFO: Processing standard module hook 'hook-PIL.Image.py' from 'C:\\Users\\mangu\\AppData\\Local\\Programs\\Python\\Python314\\Lib\\site-packages\\PyInstaller\\hooks'
30998 INFO: Processing standard module hook 'hook-xml.py' from 'C:\\Users\\mangu\\AppData\\Local\\Programs\\Python\\Python314\\Lib\\site-packages\\PyInstaller\\hooks'
31075 INFO: Processing standard module hook 'hook-xml.etree.cElementTree.py' from 'C:\\Users\\mangu\\AppData\\Local\\Programs\\Python\\Python314\\Lib\\site-packages\\PyInstaller\\hooks'
32625 INFO: Processing standard module hook 'hook-PIL.ImageFilter.py' from 'C:\\Users\\mangu\\AppData\\Local\\Programs\\Python\\Python314\\Lib\\site-packages\\PyInstaller\\hooks'
38329 INFO: Processing standard module hook 'hook-sysconfig.py' from 'C:\\Users\\mangu\\AppData\\Local\\Programs\\Python\\Python314\\Lib\\site-packages\\PyInstaller\\hooks'
38355 INFO: Processing standard module hook 'hook-_ctypes.py' from 'C:\\Users\\mangu\\AppData\\Local\\Programs\\Python\\Python314\\Lib\\site-packages\\PyInstaller\\hooks'
41996 INFO: Processing standard module hook 'hook-sqlite3.py' from 'C:\\Users\\mangu\\AppData\\Local\\Programs\\Python\\Python314\\Lib\\site-packages\\PyInstaller\\hooks'
45822 INFO: Processing standard module hook 'hook-certifi.py' from 'C:\\Users\\mangu\\AppData\\Local\\Programs\\Python\\Python314\\Lib\\site-packages\\_pyinstaller_hooks_contrib\\stdhooks'
46637 INFO: Processing standard module hook 'hook-multiprocessing.util.py' from 'C:\\Users\\mangu\\AppData\\Local\\Programs\\Python\\Python314\\Lib\\site-packages\\PyInstaller\\hooks'
50554 INFO: Processing standard module hook 'hook-anyio.py' from 'C:\\Users\\mangu\\AppData\\Local\\Programs\\Python\\Python314\\Lib\\site-packages\\_pyinstaller_hooks_contrib\\stdhooks'
52208 INFO: Processing pre-safe-import-module hook 'hook-typing_extensions.py' from 'C:\\Users\\mangu\\AppData\\Local\\Programs\\Python\\Python314\\Lib\\site-packages\\PyInstaller\\hooks\\pre_safe_import_module'
52211 INFO: SetuptoolsInfo: initializing cached setuptools info...
57743 INFO: Processing standard module hook 'hook-platform.py' from 'C:\\Users\\mangu\\AppData\\Local\\Programs\\Python\\Python314\\Lib\\site-packages\\PyInstaller\\hooks'
58281 INFO: Processing standard module hook 'hook-webbrowser.py' from 'C:\\Users\\mangu\\AppData\\Local\\Programs\\Python\\Python314\\Lib\\site-packages\\PyInstaller\\hooks'
58705 INFO: Processing standard module hook 'hook-pydantic.py' from 'C:\\Users\\mangu\\AppData\\Local\\Programs\\Python\\Python314\\Lib\\site-packages\\_pyinstaller_hooks_contrib\\stdhooks'
61795 INFO: Processing standard module hook 'hook-zoneinfo.py' from 'C:\\Users\\mangu\\AppData\\Local\\Programs\\Python\\Python314\\Lib\\site-packages\\_pyinstaller_hooks_contrib\\stdhooks'
88015 INFO: Processing standard module hook 'hook-reportlab.lib.utils.py' from 'C:\\Users\\mangu\\AppData\\Local\\Programs\\Python\\Python314\\Lib\\site-packages\\_pyinstaller_hooks_contrib\\stdhooks'
89187 INFO: Processing standard module hook 'hook-reportlab.pdfbase._fontdata.py' from 'C:\\Users\\mangu\\AppData\\Local\\Programs\\Python\\Python314\\Lib\\site-packages\\_pyinstaller_hooks_contrib\\stdhooks'
91152 INFO: Processing standard module hook 'hook-charset_normalizer.py' from 'C:\\Users\\mangu\\AppData\\Local\\Programs\\Python\\Python314\\Lib\\site-packages\\_pyinstaller_hooks_contrib\\stdhooks'
104531 INFO: Processing standard module hook 'hook-xml.dom.domreg.py' from 'C:\\Users\\mangu\\AppData\\Local\\Programs\\Python\\Python314\\Lib\\site-packages\\PyInstaller\\hooks'
110799 INFO: Processing standard module hook 'hook-openpyxl.py' from 'C:\\Users\\mangu\\AppData\\Local\\Programs\\Python\\Python314\\Lib\\site-packages\\_pyinstaller_hooks_contrib\\stdhooks'
111133 INFO: Processing standard module hook 'hook-lxml.py' from 'C:\\Users\\mangu\\AppData\\Local\\Programs\\Python\\Python314\\Lib\\site-packages\\_pyinstaller_hooks_contrib\\stdhooks'
112257 INFO: Processing standard module hook 'hook-lxml.etree.py' from 'C:\\Users\\mangu\\AppData\\Local\\Programs\\Python\\Python314\\Lib\\site-packages\\_pyinstaller_hooks_contrib\\stdhooks'
136385 INFO: Processing pre-safe-import-module hook 'hook-win32com.py' from 'C:\\Users\\mangu\\AppData\\Local\\Programs\\Python\\Python314\\Lib\\site-packages\\_pyinstaller_hooks_contrib\\pre_safe_import_module'
136565 INFO: Processing standard module hook 'hook-win32com.py' from 'C:\\Users\\mangu\\AppData\\Local\\Programs\\Python\\Python314\\Lib\\site-packages\\_pyinstaller_hooks_contrib\\stdhooks'
136570 INFO: Processing standard module hook 'hook-pythoncom.py' from 'C:\\Users\\mangu\\AppData\\Local\\Programs\\Python\\Python314\\Lib\\site-packages\\_pyinstaller_hooks_contrib\\stdhooks'
136829 INFO: Processing standard module hook 'hook-pywintypes.py' from 'C:\\Users\\mangu\\AppData\\Local\\Programs\\Python\\Python314\\Lib\\site-packages\\_pyinstaller_hooks_contrib\\stdhooks'
139555 INFO: Analyzing hidden import 'PIL._tkinter_finder'
139557 INFO: Analyzing hidden import 'ttkbootstrap.__main__'
139591 INFO: Analyzing hidden import 'ttkbootstrap.dialogs.dialogs'
139592 INFO: Analyzing hidden import 'ttkbootstrap.scrolled'
139593 INFO: Analyzing hidden import 'ttkbootstrap.tableview'
139700 INFO: Analyzing hidden import 'ttkbootstrap.toast'
139701 INFO: Analyzing hidden import 'ttkbootstrap.tooltip'
139702 INFO: Analyzing hidden import 'openpyxl.compat.abc'
139703 INFO: Analyzing hidden import 'openpyxl.compat.product'
139704 INFO: Analyzing hidden import 'openpyxl.compat.singleton'
139707 INFO: Analyzing hidden import 'openpyxl.descriptors.slots'
139709 INFO: Analyzing hidden import 'openpyxl.packaging.interface'
139710 INFO: Analyzing hidden import 'openpyxl.utils.dataframe'
139714 INFO: Analyzing hidden import 'openpyxl.utils.inference'
139717 INFO: Analyzing hidden import 'openpyxl.worksheet.cell_watch'
139719 INFO: Analyzing hidden import 'openpyxl.worksheet.controls'
139730 INFO: Analyzing hidden import 'openpyxl.worksheet.custom'
139732 INFO: Analyzing hidden import 'openpyxl.worksheet.errors'
139736 INFO: Analyzing hidden import 'openpyxl.worksheet.picture'
139737 INFO: Analyzing hidden import 'openpyxl.worksheet.smart_tag'
139741 INFO: Processing module hooks (post-graph stage)...
140343 INFO: Processing standard module hook 'hook-lxml.isoschematron.py' from 'C:\\Users\\mangu\\AppData\\Local\\Programs\\Python\\Python314\\Lib\\site-packages\\_pyinstaller_hooks_contrib\\stdhooks'
140665 INFO: Processing pre-safe-import-module hook 'hook-tomli.py' from 'C:\\Users\\mangu\\AppData\\Local\\Programs\\Python\\Python314\\Lib\\site-packages\\PyInstaller\\hooks\\pre_safe_import_module'
140667 INFO: Setuptools: 'tomli' appears to be a setuptools-vendored copy - creating alias to 'setuptools._vendor.tomli'!
140681 INFO: Processing standard module hook 'hook-setuptools.py' from 'C:\\Users\\mangu\\AppData\\Local\\Programs\\Python\\Python314\\Lib\\site-packages\\PyInstaller\\hooks'
140707 INFO: Processing pre-safe-import-module hook 'hook-distutils.py' from 'C:\\Users\\mangu\\AppData\\Local\\Programs\\Python\\Python314\\Lib\\site-packages\\PyInstaller\\hooks\\pre_safe_import_module'
140754 INFO: Processing pre-safe-import-module hook 'hook-jaraco.py' from 'C:\\Users\\mangu\\AppData\\Local\\Programs\\Python\\Python314\\Lib\\site-packages\\PyInstaller\\hooks\\pre_safe_import_module'
140755 INFO: Setuptools: 'jaraco' appears to be a full setuptools-vendored copy - creating alias to 'setuptools._vendor.jaraco'!
140775 INFO: Processing pre-safe-import-module hook 'hook-more_itertools.py' from 'C:\\Users\\mangu\\AppData\\Local\\Programs\\Python\\Python314\\Lib\\site-packages\\PyInstaller\\hooks\\pre_safe_import_module'
141146 INFO: Processing pre-safe-import-module hook 'hook-packaging.py' from 'C:\\Users\\mangu\\AppData\\Local\\Programs\\Python\\Python314\\Lib\\site-packages\\PyInstaller\\hooks\\pre_safe_import_module'
141501 INFO: Processing standard module hook 'hook-setuptools._vendor.jaraco.text.py' from 'C:\\Users\\mangu\\AppData\\Local\\Programs\\Python\\Python314\\Lib\\site-packages\\PyInstaller\\hooks'
141503 INFO: Processing pre-safe-import-module hook 'hook-importlib_resources.py' from 'C:\\Users\\mangu\\AppData\\Local\\Programs\\Python\\Python314\\Lib\\site-packages\\PyInstaller\\hooks\\pre_safe_import_module'
141520 INFO: Processing pre-safe-import-module hook 'hook-backports.py' from 'C:\\Users\\mangu\\AppData\\Local\\Programs\\Python\\Python314\\Lib\\site-packages\\PyInstaller\\hooks\\pre_safe_import_module'
141520 INFO: Setuptools: 'backports' appears to be a full setuptools-vendored copy - creating alias to 'setuptools._vendor.backports'!
143316 INFO: Processing pre-safe-import-module hook 'hook-wheel.py' from 'C:\\Users\\mangu\\AppData\\Local\\Programs\\Python\\Python314\\Lib\\site-packages\\PyInstaller\\hooks\\pre_safe_import_module'
143317 INFO: Setuptools: 'wheel' appears to be a setuptools-vendored copy - creating alias to 'setuptools._vendor.wheel'!
143630 WARNING: Hidden import "tzdata" not found!
144215 INFO: Processing standard module hook 'hook-PIL.SpiderImagePlugin.py' from 'C:\\Users\\mangu\\AppData\\Local\\Programs\\Python\\Python314\\Lib\\site-packages\\PyInstaller\\hooks'
145044 INFO: Processing standard module hook 'hook-_tkinter.py' from 'C:\\Users\\mangu\\AppData\\Local\\Programs\\Python\\Python314\\Lib\\site-packages\\PyInstaller\\hooks'
145045 INFO: Processing standard module hook 'hook-lxml.objectify.py' from 'C:\\Users\\mangu\\AppData\\Local\\Programs\\Python\\Python314\\Lib\\site-packages\\_pyinstaller_hooks_contrib\\stdhooks'
145083 INFO: Performing binary vs. data reclassification (959 entries)
145235 INFO: Looking for ctypes DLLs
145293 INFO: Analyzing run-time hooks ...
145305 INFO: Including run-time hook 'pyi_rth_inspect.py' from 'C:\\Users\\mangu\\AppData\\Local\\Programs\\Python\\Python314\\Lib\\site-packages\\PyInstaller\\hooks\\rthooks'
145309 INFO: Including run-time hook 'pyi_rth_pkgutil.py' from 'C:\\Users\\mangu\\AppData\\Local\\Programs\\Python\\Python314\\Lib\\site-packages\\PyInstaller\\hooks\\rthooks'
145311 INFO: Including run-time hook 'pyi_rth_multiprocessing.py' from 'C:\\Users\\mangu\\AppData\\Local\\Programs\\Python\\Python314\\Lib\\site-packages\\PyInstaller\\hooks\\rthooks'
145315 INFO: Including run-time hook 'pyi_rth_setuptools.py' from 'C:\\Users\\mangu\\AppData\\Local\\Programs\\Python\\Python314\\Lib\\site-packages\\PyInstaller\\hooks\\rthooks'
145317 INFO: Including run-time hook 'pyi_rth_pywintypes.py' from 'C:\\Users\\mangu\\AppData\\Local\\Programs\\Python\\Python314\\Lib\\site-packages\\_pyinstaller_hooks_contrib\\rthooks'
145318 INFO: Including run-time hook 'pyi_rth_pythoncom.py' from 'C:\\Users\\mangu\\AppData\\Local\\Programs\\Python\\Python314\\Lib\\site-packages\\_pyinstaller_hooks_contrib\\rthooks'
145319 INFO: Including run-time hook 'pyi_rth__tkinter.py' from 'C:\\Users\\mangu\\AppData\\Local\\Programs\\Python\\Python314\\Lib\\site-packages\\PyInstaller\\hooks\\rthooks'
145384 INFO: Creating base_library.zip...
145418 INFO: Looking for dynamic libraries
151407 INFO: Extra DLL search directories (AddDllDirectory): ['C:\\Users\\mangu\\AppData\\Local\\Programs\\Python\\Python314\\Lib\\site-packages\\numpy.libs']
151407 INFO: Extra DLL search directories (PATH): []
152304 INFO: Warnings written to C:\Users\mangu\Projects\RokasResonance\installer\build\RokasResonance\warn-RokasResonance.txt
152700 INFO: Graph cross-reference written to C:\Users\mangu\Projects\RokasResonance\installer\build\RokasResonance\xref-RokasResonance.html
152908 INFO: checking PYZ
152908 INFO: Building PYZ because PYZ-00.toc is non existent
152908 INFO: Building PYZ (ZlibArchive) C:\Users\mangu\Projects\RokasResonance\installer\build\RokasResonance\PYZ-00.pyz
154431 INFO: Building PYZ (ZlibArchive) C:\Users\mangu\Projects\RokasResonance\installer\build\RokasResonance\PYZ-00.pyz completed successfully.
154517 INFO: checking PKG
154517 INFO: Building PKG because PKG-00.toc is non existent
154517 INFO: Building PKG (CArchive) RokasResonance.pkg
154607 INFO: Building PKG (CArchive) RokasResonance.pkg completed successfully.
154610 INFO: Bootloader C:\Users\mangu\AppData\Local\Programs\Python\Python314\Lib\site-packages\PyInstaller\bootloader\Windows-64bit-intel\runw.exe
154610 INFO: checking EXE
154610 INFO: Building EXE because EXE-00.toc is non existent
154610 INFO: Building EXE from EXE-00.toc
154610 INFO: Copying bootloader EXE to C:\Users\mangu\Projects\RokasResonance\installer\build\RokasResonance\RokasResonance.exe
154833 INFO: Copying icon to EXE
155024 INFO: Copying 0 resources to EXE
155025 INFO: Embedding manifest in EXE
155166 INFO: Appending PKG archive to EXE
155384 INFO: Fixing EXE headers
156080 INFO: Building EXE from EXE-00.toc completed successfully.
156093 INFO: checking COLLECT
156093 INFO: Building COLLECT because COLLECT-00.toc is non existent
156094 INFO: Building COLLECT COLLECT-00.toc
158245 INFO: Building COLLECT COLLECT-00.toc completed successfully.
158275 INFO: Build complete! The results are available in: C:\Users\mangu\Projects\RokasResonance\installer\dist
